[debug] [2025-07-12T15:53:20.060Z] ----------------------------------------------------------------------
[debug] [2025-07-12T15:53:20.062Z] Command:       C:\Program Files\nodejs\node.exe C:\Users\André\AppData\Roaming\npm\node_modules\firebase-tools\lib\bin\firebase.js deploy
[debug] [2025-07-12T15:53:20.062Z] CLI Version:   14.10.1
[debug] [2025-07-12T15:53:20.062Z] Platform:      win32
[debug] [2025-07-12T15:53:20.062Z] Node Version:  v22.17.0
[debug] [2025-07-12T15:53:20.062Z] Time:          Sat Jul 12 2025 16:53:20 GMT+0100 (Hora de verão da Europa Ocidental)
[debug] [2025-07-12T15:53:20.062Z] ----------------------------------------------------------------------
[debug] 
[debug] [2025-07-12T15:53:20.192Z] > command requires scopes: ["email","openid","https://www.googleapis.com/auth/cloudplatformprojects.readonly","https://www.googleapis.com/auth/firebase","https://www.googleapis.com/auth/cloud-platform"]
[debug] [2025-07-12T15:53:20.192Z] > authorizing via signed-in user (croquete1.andre@gmail.com)
[debug] [2025-07-12T15:53:20.192Z] [iam] checking project fitnesspro-36d8b for permissions ["firebase.projects.get","firebasehosting.sites.update"]
[debug] [2025-07-12T15:53:20.193Z] Checked if tokens are valid: true, expires at: 1752337795536
[debug] [2025-07-12T15:53:20.193Z] Checked if tokens are valid: true, expires at: 1752337795536
[debug] [2025-07-12T15:53:20.194Z] >>> [apiv2][query] POST https://cloudresourcemanager.googleapis.com/v1/projects/fitnesspro-36d8b:testIamPermissions [none]
[debug] [2025-07-12T15:53:20.194Z] >>> [apiv2][(partial)header] POST https://cloudresourcemanager.googleapis.com/v1/projects/fitnesspro-36d8b:testIamPermissions x-goog-quota-user=projects/fitnesspro-36d8b
[debug] [2025-07-12T15:53:20.194Z] >>> [apiv2][body] POST https://cloudresourcemanager.googleapis.com/v1/projects/fitnesspro-36d8b:testIamPermissions {"permissions":["firebase.projects.get","firebasehosting.sites.update"]}
[debug] [2025-07-12T15:53:20.977Z] <<< [apiv2][status] POST https://cloudresourcemanager.googleapis.com/v1/projects/fitnesspro-36d8b:testIamPermissions 200
[debug] [2025-07-12T15:53:20.978Z] <<< [apiv2][body] POST https://cloudresourcemanager.googleapis.com/v1/projects/fitnesspro-36d8b:testIamPermissions {"permissions":["firebase.projects.get","firebasehosting.sites.update"]}
[debug] [2025-07-12T15:53:20.978Z] Checked if tokens are valid: true, expires at: 1752337795536
[debug] [2025-07-12T15:53:20.978Z] Checked if tokens are valid: true, expires at: 1752337795536
[debug] [2025-07-12T15:53:20.979Z] >>> [apiv2][query] GET https://firebase.googleapis.com/v1beta1/projects/fitnesspro-36d8b [none]
[debug] [2025-07-12T15:53:21.314Z] <<< [apiv2][status] GET https://firebase.googleapis.com/v1beta1/projects/fitnesspro-36d8b 200
[debug] [2025-07-12T15:53:21.314Z] <<< [apiv2][body] GET https://firebase.googleapis.com/v1beta1/projects/fitnesspro-36d8b {"projectId":"fitnesspro-36d8b","projectNumber":"881881913799","displayName":"FitnessPro","name":"projects/fitnesspro-36d8b","resources":{"hostingSite":"fitnesspro-36d8b"},"state":"ACTIVE","etag":"1_3f1f3d28-8342-4a13-874a-ba4a1e82ad29"}
[info] 
[info] === Deploying to 'fitnesspro-36d8b'...
[info] 
[info] i  deploying hosting 
[debug] [2025-07-12T15:53:21.320Z] Checked if tokens are valid: true, expires at: 1752337795536
[debug] [2025-07-12T15:53:21.320Z] Checked if tokens are valid: true, expires at: 1752337795536
[debug] [2025-07-12T15:53:21.320Z] >>> [apiv2][query] POST https://firebasehosting.googleapis.com/v1beta1/projects/-/sites/fitnesspro-36d8b/versions [none]
[debug] [2025-07-12T15:53:21.320Z] >>> [apiv2][body] POST https://firebasehosting.googleapis.com/v1beta1/projects/-/sites/fitnesspro-36d8b/versions {"status":"CREATED","labels":{"deployment-tool":"cli-firebase"}}
[debug] [2025-07-12T15:53:22.904Z] <<< [apiv2][status] POST https://firebasehosting.googleapis.com/v1beta1/projects/-/sites/fitnesspro-36d8b/versions 200
[debug] [2025-07-12T15:53:22.904Z] <<< [apiv2][body] POST https://firebasehosting.googleapis.com/v1beta1/projects/-/sites/fitnesspro-36d8b/versions {"name":"projects/881881913799/sites/fitnesspro-36d8b/versions/2042b754ccd39be9","status":"CREATED","config":{},"labels":{"deployment-tool":"cli-firebase"}}
[info] i  hosting[fitnesspro-36d8b]: beginning deploy... 
[info] i  hosting[fitnesspro-36d8b]: found 15 files in dist 
[debug] [2025-07-12T15:53:22.915Z] [hosting] uploading with 200 concurrency
[debug] [2025-07-12T15:53:22.927Z] Checked if tokens are valid: true, expires at: 1752337795536
[debug] [2025-07-12T15:53:22.927Z] Checked if tokens are valid: true, expires at: 1752337795536
[debug] [2025-07-12T15:53:22.928Z] [hosting] hash cache [ZGlzdA] stored for 15 files
[debug] [2025-07-12T15:53:22.928Z] [hosting][hash queue][FINAL] {"max":9,"min":4,"avg":5.2,"active":0,"complete":15,"success":15,"errored":0,"retried":0,"total":15,"elapsed":11}
[debug] [2025-07-12T15:53:22.928Z] >>> [apiv2][query] POST https://firebasehosting.googleapis.com/v1beta1/projects/881881913799/sites/fitnesspro-36d8b/versions/2042b754ccd39be9:populateFiles [none]
[debug] [2025-07-12T15:53:22.928Z] >>> [apiv2][body] POST https://firebasehosting.googleapis.com/v1beta1/projects/881881913799/sites/fitnesspro-36d8b/versions/2042b754ccd39be9:populateFiles {"files":{"/robots.txt":"bfe106a3fb878dc83461c86818bf74fc1bdc7f28538ba613cd3e775516ce8b49","/manifest.json":"f414242fb52ef3fe89cf0a80c262a4937300a2c38ec8934746be0f4c231bbb00","/logo.jpg":"798e7474de683f20713fc5d24c2372675ee3d536e87bff3eb9052c72768e2734","/index.html":"cffd38223d6d63ee3bd2c6aa2c91f27ae49a0440a3b9f8ac811f9b61610e9275","/logo192.png":"8cc11c284bf670c789cce3c54b4c205fcc36ef546f35e57de136ab0e8a054044","/favicon-32x32.png":"9de60be12b8fffcaeaefe29e989af86ae83e4b086f913dff3c81552e5c4122cf","/favicon-16x16.png":"4aa4e50555332d3bc0ce9b6c57d0a098d460b46c9cbcede9398dcbc148217436","/favicon.ico":"8c3ae353b49c141c33e7a17b9c5e95a3067524cd3170029791d390c714a0117b","/apple-touch-icon.png":"391efc89fce5a5fdafdb3a14e3a7d6269ee10c80203a27db935d8184ad66d058","/android-chrome-192x192.png":"8cc11c284bf670c789cce3c54b4c205fcc36ef546f35e57de136ab0e8a054044","/assets/index-Bq0WMK7M.css":"d7417b90e686bb4e4f591294b3c27f0ba5eb46e6373d457f9b140b5d2e31f50a","/logo512.png":"437f320109e2b93acd50696740bb622f80823eb9c11314c265c3d5fbd9b197cd","/android-chrome-512x512.png":"437f320109e2b93acd50696740bb622f80823eb9c11314c265c3d5fbd9b197cd","/assets/index-BRCp3Mr8.js":"ae1180d1ccba9658c989f6ba481823af0e364bc809c2848f067a9c09446894e7","/intro.png":"1477f8303a10ff24f3b1130c44da43da70e4471d28e177d0d4bb34844d1c814e"}}
[debug] [2025-07-12T15:53:23.554Z] <<< [apiv2][status] POST https://firebasehosting.googleapis.com/v1beta1/projects/881881913799/sites/fitnesspro-36d8b/versions/2042b754ccd39be9:populateFiles 200
[debug] [2025-07-12T15:53:23.554Z] <<< [apiv2][body] POST https://firebasehosting.googleapis.com/v1beta1/projects/881881913799/sites/fitnesspro-36d8b/versions/2042b754ccd39be9:populateFiles {"uploadRequiredHashes":["4aa4e50555332d3bc0ce9b6c57d0a098d460b46c9cbcede9398dcbc148217436","437f320109e2b93acd50696740bb622f80823eb9c11314c265c3d5fbd9b197cd","d7417b90e686bb4e4f591294b3c27f0ba5eb46e6373d457f9b140b5d2e31f50a","cffd38223d6d63ee3bd2c6aa2c91f27ae49a0440a3b9f8ac811f9b61610e9275","f414242fb52ef3fe89cf0a80c262a4937300a2c38ec8934746be0f4c231bbb00","1477f8303a10ff24f3b1130c44da43da70e4471d28e177d0d4bb34844d1c814e","798e7474de683f20713fc5d24c2372675ee3d536e87bff3eb9052c72768e2734","bfe106a3fb878dc83461c86818bf74fc1bdc7f28538ba613cd3e775516ce8b49","9de60be12b8fffcaeaefe29e989af86ae83e4b086f913dff3c81552e5c4122cf","391efc89fce5a5fdafdb3a14e3a7d6269ee10c80203a27db935d8184ad66d058","8cc11c284bf670c789cce3c54b4c205fcc36ef546f35e57de136ab0e8a054044","8c3ae353b49c141c33e7a17b9c5e95a3067524cd3170029791d390c714a0117b","ae1180d1ccba9658c989f6ba481823af0e364bc809c2848f067a9c09446894e7"],"uploadUrl":"https://upload-firebasehosting.googleapis.com/upload/sites/fitnesspro-36d8b/versions/2042b754ccd39be9/files"}
[debug] [2025-07-12T15:53:23.555Z] Checked if tokens are valid: true, expires at: 1752337795536
[debug] [2025-07-12T15:53:23.555Z] Checked if tokens are valid: true, expires at: 1752337795536
[debug] [2025-07-12T15:53:23.555Z] Checked if tokens are valid: true, expires at: 1752337795536
[debug] [2025-07-12T15:53:23.555Z] Checked if tokens are valid: true, expires at: 1752337795536
[debug] [2025-07-12T15:53:23.555Z] Checked if tokens are valid: true, expires at: 1752337795536
[debug] [2025-07-12T15:53:23.555Z] Checked if tokens are valid: true, expires at: 1752337795536
[debug] [2025-07-12T15:53:23.555Z] Checked if tokens are valid: true, expires at: 1752337795536
[debug] [2025-07-12T15:53:23.555Z] Checked if tokens are valid: true, expires at: 1752337795536
[debug] [2025-07-12T15:53:23.555Z] Checked if tokens are valid: true, expires at: 1752337795536
[debug] [2025-07-12T15:53:23.555Z] Checked if tokens are valid: true, expires at: 1752337795536
[debug] [2025-07-12T15:53:23.556Z] Checked if tokens are valid: true, expires at: 1752337795536
[debug] [2025-07-12T15:53:23.556Z] Checked if tokens are valid: true, expires at: 1752337795536
[debug] [2025-07-12T15:53:23.556Z] Checked if tokens are valid: true, expires at: 1752337795536
[debug] [2025-07-12T15:53:23.556Z] Checked if tokens are valid: true, expires at: 1752337795536
[debug] [2025-07-12T15:53:23.556Z] Checked if tokens are valid: true, expires at: 1752337795536
[debug] [2025-07-12T15:53:23.556Z] Checked if tokens are valid: true, expires at: 1752337795536
[debug] [2025-07-12T15:53:23.556Z] Checked if tokens are valid: true, expires at: 1752337795536
[debug] [2025-07-12T15:53:23.556Z] Checked if tokens are valid: true, expires at: 1752337795536
[debug] [2025-07-12T15:53:23.556Z] Checked if tokens are valid: true, expires at: 1752337795536
[debug] [2025-07-12T15:53:23.556Z] Checked if tokens are valid: true, expires at: 1752337795536
[debug] [2025-07-12T15:53:23.556Z] Checked if tokens are valid: true, expires at: 1752337795536
[debug] [2025-07-12T15:53:23.556Z] Checked if tokens are valid: true, expires at: 1752337795536
[debug] [2025-07-12T15:53:23.556Z] Checked if tokens are valid: true, expires at: 1752337795536
[debug] [2025-07-12T15:53:23.556Z] Checked if tokens are valid: true, expires at: 1752337795536
[debug] [2025-07-12T15:53:23.556Z] Checked if tokens are valid: true, expires at: 1752337795536
[debug] [2025-07-12T15:53:23.556Z] Checked if tokens are valid: true, expires at: 1752337795536
[debug] [2025-07-12T15:53:23.556Z] >>> [apiv2][query] POST https://upload-firebasehosting.googleapis.com/upload/sites/fitnesspro-36d8b/versions/2042b754ccd39be9/files/4aa4e50555332d3bc0ce9b6c57d0a098d460b46c9cbcede9398dcbc148217436 [none]
[debug] [2025-07-12T15:53:23.556Z] >>> [apiv2][body] POST https://upload-firebasehosting.googleapis.com/upload/sites/fitnesspro-36d8b/versions/2042b754ccd39be9/files/4aa4e50555332d3bc0ce9b6c57d0a098d460b46c9cbcede9398dcbc148217436 [stream]
[debug] [2025-07-12T15:53:23.557Z] >>> [apiv2][query] POST https://upload-firebasehosting.googleapis.com/upload/sites/fitnesspro-36d8b/versions/2042b754ccd39be9/files/437f320109e2b93acd50696740bb622f80823eb9c11314c265c3d5fbd9b197cd [none]
[debug] [2025-07-12T15:53:23.557Z] >>> [apiv2][body] POST https://upload-firebasehosting.googleapis.com/upload/sites/fitnesspro-36d8b/versions/2042b754ccd39be9/files/437f320109e2b93acd50696740bb622f80823eb9c11314c265c3d5fbd9b197cd [stream]
[debug] [2025-07-12T15:53:23.558Z] >>> [apiv2][query] POST https://upload-firebasehosting.googleapis.com/upload/sites/fitnesspro-36d8b/versions/2042b754ccd39be9/files/d7417b90e686bb4e4f591294b3c27f0ba5eb46e6373d457f9b140b5d2e31f50a [none]
[debug] [2025-07-12T15:53:23.558Z] >>> [apiv2][body] POST https://upload-firebasehosting.googleapis.com/upload/sites/fitnesspro-36d8b/versions/2042b754ccd39be9/files/d7417b90e686bb4e4f591294b3c27f0ba5eb46e6373d457f9b140b5d2e31f50a [stream]
[debug] [2025-07-12T15:53:23.559Z] >>> [apiv2][query] POST https://upload-firebasehosting.googleapis.com/upload/sites/fitnesspro-36d8b/versions/2042b754ccd39be9/files/cffd38223d6d63ee3bd2c6aa2c91f27ae49a0440a3b9f8ac811f9b61610e9275 [none]
[debug] [2025-07-12T15:53:23.559Z] >>> [apiv2][body] POST https://upload-firebasehosting.googleapis.com/upload/sites/fitnesspro-36d8b/versions/2042b754ccd39be9/files/cffd38223d6d63ee3bd2c6aa2c91f27ae49a0440a3b9f8ac811f9b61610e9275 [stream]
[debug] [2025-07-12T15:53:23.560Z] >>> [apiv2][query] POST https://upload-firebasehosting.googleapis.com/upload/sites/fitnesspro-36d8b/versions/2042b754ccd39be9/files/f414242fb52ef3fe89cf0a80c262a4937300a2c38ec8934746be0f4c231bbb00 [none]
[debug] [2025-07-12T15:53:23.560Z] >>> [apiv2][body] POST https://upload-firebasehosting.googleapis.com/upload/sites/fitnesspro-36d8b/versions/2042b754ccd39be9/files/f414242fb52ef3fe89cf0a80c262a4937300a2c38ec8934746be0f4c231bbb00 [stream]
[debug] [2025-07-12T15:53:23.561Z] >>> [apiv2][query] POST https://upload-firebasehosting.googleapis.com/upload/sites/fitnesspro-36d8b/versions/2042b754ccd39be9/files/1477f8303a10ff24f3b1130c44da43da70e4471d28e177d0d4bb34844d1c814e [none]
[debug] [2025-07-12T15:53:23.561Z] >>> [apiv2][body] POST https://upload-firebasehosting.googleapis.com/upload/sites/fitnesspro-36d8b/versions/2042b754ccd39be9/files/1477f8303a10ff24f3b1130c44da43da70e4471d28e177d0d4bb34844d1c814e [stream]
[debug] [2025-07-12T15:53:23.561Z] >>> [apiv2][query] POST https://upload-firebasehosting.googleapis.com/upload/sites/fitnesspro-36d8b/versions/2042b754ccd39be9/files/798e7474de683f20713fc5d24c2372675ee3d536e87bff3eb9052c72768e2734 [none]
[debug] [2025-07-12T15:53:23.561Z] >>> [apiv2][body] POST https://upload-firebasehosting.googleapis.com/upload/sites/fitnesspro-36d8b/versions/2042b754ccd39be9/files/798e7474de683f20713fc5d24c2372675ee3d536e87bff3eb9052c72768e2734 [stream]
[debug] [2025-07-12T15:53:23.562Z] >>> [apiv2][query] POST https://upload-firebasehosting.googleapis.com/upload/sites/fitnesspro-36d8b/versions/2042b754ccd39be9/files/bfe106a3fb878dc83461c86818bf74fc1bdc7f28538ba613cd3e775516ce8b49 [none]
[debug] [2025-07-12T15:53:23.562Z] >>> [apiv2][body] POST https://upload-firebasehosting.googleapis.com/upload/sites/fitnesspro-36d8b/versions/2042b754ccd39be9/files/bfe106a3fb878dc83461c86818bf74fc1bdc7f28538ba613cd3e775516ce8b49 [stream]
[debug] [2025-07-12T15:53:23.562Z] >>> [apiv2][query] POST https://upload-firebasehosting.googleapis.com/upload/sites/fitnesspro-36d8b/versions/2042b754ccd39be9/files/9de60be12b8fffcaeaefe29e989af86ae83e4b086f913dff3c81552e5c4122cf [none]
[debug] [2025-07-12T15:53:23.562Z] >>> [apiv2][body] POST https://upload-firebasehosting.googleapis.com/upload/sites/fitnesspro-36d8b/versions/2042b754ccd39be9/files/9de60be12b8fffcaeaefe29e989af86ae83e4b086f913dff3c81552e5c4122cf [stream]
[debug] [2025-07-12T15:53:23.563Z] >>> [apiv2][query] POST https://upload-firebasehosting.googleapis.com/upload/sites/fitnesspro-36d8b/versions/2042b754ccd39be9/files/391efc89fce5a5fdafdb3a14e3a7d6269ee10c80203a27db935d8184ad66d058 [none]
[debug] [2025-07-12T15:53:23.563Z] >>> [apiv2][body] POST https://upload-firebasehosting.googleapis.com/upload/sites/fitnesspro-36d8b/versions/2042b754ccd39be9/files/391efc89fce5a5fdafdb3a14e3a7d6269ee10c80203a27db935d8184ad66d058 [stream]
[debug] [2025-07-12T15:53:23.563Z] >>> [apiv2][query] POST https://upload-firebasehosting.googleapis.com/upload/sites/fitnesspro-36d8b/versions/2042b754ccd39be9/files/8cc11c284bf670c789cce3c54b4c205fcc36ef546f35e57de136ab0e8a054044 [none]
[debug] [2025-07-12T15:53:23.563Z] >>> [apiv2][body] POST https://upload-firebasehosting.googleapis.com/upload/sites/fitnesspro-36d8b/versions/2042b754ccd39be9/files/8cc11c284bf670c789cce3c54b4c205fcc36ef546f35e57de136ab0e8a054044 [stream]
[debug] [2025-07-12T15:53:23.564Z] >>> [apiv2][query] POST https://upload-firebasehosting.googleapis.com/upload/sites/fitnesspro-36d8b/versions/2042b754ccd39be9/files/8c3ae353b49c141c33e7a17b9c5e95a3067524cd3170029791d390c714a0117b [none]
[debug] [2025-07-12T15:53:23.564Z] >>> [apiv2][body] POST https://upload-firebasehosting.googleapis.com/upload/sites/fitnesspro-36d8b/versions/2042b754ccd39be9/files/8c3ae353b49c141c33e7a17b9c5e95a3067524cd3170029791d390c714a0117b [stream]
[debug] [2025-07-12T15:53:23.564Z] >>> [apiv2][query] POST https://upload-firebasehosting.googleapis.com/upload/sites/fitnesspro-36d8b/versions/2042b754ccd39be9/files/ae1180d1ccba9658c989f6ba481823af0e364bc809c2848f067a9c09446894e7 [none]
[debug] [2025-07-12T15:53:23.564Z] >>> [apiv2][body] POST https://upload-firebasehosting.googleapis.com/upload/sites/fitnesspro-36d8b/versions/2042b754ccd39be9/files/ae1180d1ccba9658c989f6ba481823af0e364bc809c2848f067a9c09446894e7 [stream]
[debug] [2025-07-12T15:53:23.565Z] [hosting][populate queue][FINAL] {"max":629,"min":629,"avg":629,"active":0,"complete":1,"success":1,"errored":0,"retried":0,"total":1,"elapsed":638}
[debug] [2025-07-12T15:53:23.565Z] [hosting] uploads queued: 13
